<?xml version="1.0" encoding="UTF-8"?>
<!-- Generated by org.testng.reporters.JUnitReportReporter -->
<testsuite hostname="DESKTOP-K9B93LP" failures="0" tests="1" name="TC_01.SignInButtonTests" time="9.037" errors="0" timestamp="2023-01-11T00:51:03 IST" skipped="0">
  <testcase classname="TC_01.SignInButtonTests" name="SelectmobileBrands" time="9.037"/>
  <system-out/>
</testsuite> <!-- TC_01.SignInButtonTests -->
